Using pre-set license
Built from '2020.3/staging' branch; Version is '2020.3.4f1 (0abb6314276a) revision 703331'; Using compiler version '192528614'; Build Type 'Release'
OS: 'Windows 10 Home; OS build 19042.928; Version 2009; 64bit' Language: 'en' Physical Memory: 8080 MB
BatchMode: 1, IsHumanControllingUs: 0, StartBugReporterOnCrash: 0, Is64bit: 1, IsPro: 0

 COMMAND LINE ARGUMENTS:
C:\Program Files\Unity\Hub\Editor\2020.3.4f1\Editor\Unity.exe
-adb2
-batchMode
-noUpm
-name
AssetImportWorker0
-projectPath
C:/Users/laura/Downloads/4500-group-project-database/4500-group-project-database
-logFile
Logs/AssetImportWorker0.log
-srvPort
61721
Successfully changed project path to: C:/Users/laura/Downloads/4500-group-project-database/4500-group-project-database
C:/Users/laura/Downloads/4500-group-project-database/4500-group-project-database
Using Asset Import Pipeline V2.
Refreshing native plugins compatible for Editor in 115.68 ms, found 6 plugins.
Preloading 0 native plugins for Editor in 0.00 ms.
Initialize engine version: 2020.3.4f1 (0abb6314276a)
[Subsystems] Discovering subsystems at path C:/Program Files/Unity/Hub/Editor/2020.3.4f1/Editor/Data/Resources/UnitySubsystems
[Subsystems] Discovering subsystems at path C:/Users/laura/Downloads/4500-group-project-database/4500-group-project-database/Assets
GfxDevice: creating device client; threaded=0
Direct3D:
    Version:  Direct3D 11.0 [level 11.1]
    Renderer: Intel(R) HD Graphics 520 (ID=0x1916)
    Vendor:   
    VRAM:     4040 MB
    Driver:   21.20.16.4821
Initialize mono
Mono path[0] = 'C:/Program Files/Unity/Hub/Editor/2020.3.4f1/Editor/Data/Managed'
Mono path[1] = 'C:/Program Files/Unity/Hub/Editor/2020.3.4f1/Editor/Data/MonoBleedingEdge/lib/mono/unityjit'
Mono config path = 'C:/Program Files/Unity/Hub/Editor/2020.3.4f1/Editor/Data/MonoBleedingEdge/etc'
Using monoOptions --debugger-agent=transport=dt_socket,embedding=1,server=y,suspend=n,address=127.0.0.1:56476
Begin MonoManager ReloadAssembly
Registering precompiled unity dll's ...
Register platform support module: C:/Program Files/Unity/Hub/Editor/2020.3.4f1/Editor/Data/PlaybackEngines/WindowsStandaloneSupport/UnityEditor.WindowsStandalone.Extensions.dll
Registered in 0.005638 seconds.
Native extension for WindowsStandalone target not found
Refreshing native plugins compatible for Editor in 56.24 ms, found 6 plugins.
Preloading 0 native plugins for Editor in 0.00 ms.
Mono: successfully reloaded assembly
- Completed reload, in  4.916 seconds
Platform modules already initialized, skipping
Registering precompiled user dll's ...
Registered in 0.069185 seconds.
Begin MonoManager ReloadAssembly
Native extension for WindowsStandalone target not found
Refreshing native plugins compatible for Editor in 0.89 ms, found 6 plugins.
Preloading 0 native plugins for Editor in 0.00 ms.
Find all reader and writers took 181 milliseconds
Script Module: UnityEngine.UI.dll
Weave behaviours and messages took121 milliseconds
Find all reader and writers took 199 milliseconds
Script Module: PhotonUnityNetworking.Utilities.dll
Weave behaviours and messages took22 milliseconds
Find all reader and writers took 140 milliseconds
Script Module: Assembly-CSharp.dll
Weave behaviours and messages took37 milliseconds
Find all reader and writers took 197 milliseconds
Script Module: UnityEngine.TestRunner.dll
Weave behaviours and messages took48 milliseconds
Find all reader and writers took 120 milliseconds
Script Module: PhotonVoice.API.dll
Weave behaviours and messages took30 milliseconds
Find all reader and writers took 147 milliseconds
Script Module: PhotonVoice.dll
Weave behaviours and messages took31 milliseconds
Find all reader and writers took 166 milliseconds
Script Module: SimpleWebTransport.dll
Weave behaviours and messages took13 milliseconds
Find all reader and writers took 269 milliseconds
Script Module: Unity.Timeline.dll
Weave behaviours and messages took52 milliseconds
Find all reader and writers took 180 milliseconds
Script Module: PhotonUnityNetworking.Demos.dll
Weave behaviours and messages took72 milliseconds
Find all reader and writers took 142 milliseconds
Script Module: PhotonUnityNetworking.dll
Weave behaviours and messages took134 milliseconds
Find all reader and writers took 296 milliseconds
Script Module: Unity.TextMeshPro.dll
Weave behaviours and messages took197 milliseconds
Find all reader and writers took 261 milliseconds
Script Module: PhotonChat.dll
Weave behaviours and messages took8 milliseconds
Find all reader and writers took 155 milliseconds
Script Module: PhotonWebSocket.dll
Weave behaviours and messages took0 milliseconds
Find all reader and writers took 169 milliseconds
Script Module: PhotonRealtime.dll
Weave behaviours and messages took49 milliseconds
Find all reader and writers took 238 milliseconds
Script Module: Telepathy.dll
Weave behaviours and messages took6 milliseconds
Find all reader and writers took 363 milliseconds
Script Module: PhotonVoice.PUN.dll
Weave behaviours and messages took17 milliseconds
Find all reader and writers took 278 milliseconds
Script Module: kcp2k.dll
Weave behaviours and messages took17 milliseconds
Find all reader and writers took 142 milliseconds
Script Module: Mirror.Examples.Cloud.GUI.dll
Weave behaviours and messages took8 milliseconds
Find all reader and writers took 216 milliseconds
Script Module: Mirror.Cloud.dll
Weave behaviours and messages took7 milliseconds
Find all reader and writers took 302 milliseconds
Script Module: UnityEditor.TestRunner.dll
Weave behaviours and messages took98 milliseconds
Find all reader and writers took 268 milliseconds
Script Module: UnityEditor.UI.dll
Weave behaviours and messages took58 milliseconds
Find all reader and writers took 202 milliseconds
Script Module: Mirror.CompilerSymbols.dll
Weave behaviours and messages took2 milliseconds
Find all reader and writers took 252 milliseconds
Script Module: PunDemos.DemoSlotcarEditor.dll
Weave behaviours and messages took1 milliseconds
Find all reader and writers took 236 milliseconds
Script Module: PunDemos.DemoHubEditor.dll
Weave behaviours and messages took0 milliseconds
Mono: successfully reloaded assembly
- Completed reload, in 18.721 seconds
Platform modules already initialized, skipping
========================================================================
Worker process is ready to serve import requests
Launched and connected shader compiler UnityShaderCompiler.exe after 0.10 seconds
Refreshing native plugins compatible for Editor in 1.46 ms, found 6 plugins.
Preloading 0 native plugins for Editor in 0.00 ms.
Unloading 1788 Unused Serialized files (Serialized files now loaded: 0)
System memory in use before: 79.3 MB.
System memory in use after: 79.4 MB.

Unloading 68 unused Assets to reduce memory usage. Loaded Objects now: 2217.
Total: 8.112800 ms (FindLiveObjects: 0.477100 ms CreateObjectMapping: 0.196500 ms MarkObjects: 7.279700 ms  DeleteObjects: 0.156900 ms)

========================================================================
Received Import Request.
  path: Assets/Mirror/Examples/Tanks/Textures/(Public Domain) Dirt Hand Painted Texture/Dirt.mat
  artifactKey: Guid(29b49c27a74f145918356859bd7af511) Importer(815301076,1909f56bfc062723c751e8b465ee728b)
Start importing Assets/Mirror/Examples/Tanks/Textures/(Public Domain) Dirt Hand Painted Texture/Dirt.mat using Guid(29b49c27a74f145918356859bd7af511) Importer(815301076,1909f56bfc062723c751e8b465ee728b)  -> (artifact id: 'dd0f2c1d4a2619362543b64757e7ce34') in 0.396576 seconds
  Import took 0.403920 seconds .

========================================================================
Received Import Request.
  Time since last request: 0.001308 seconds.
  path: Assets/Photon/PhotonUnityNetworking/Demos/DemoSlotRacer/Kenney Assets/Racing Kit/Models/Materials/grey.mat
  artifactKey: Guid(b34ebdee5d4d60b43baa8cb211b29444) Importer(815301076,1909f56bfc062723c751e8b465ee728b)
Start importing Assets/Photon/PhotonUnityNetworking/Demos/DemoSlotRacer/Kenney Assets/Racing Kit/Models/Materials/grey.mat using Guid(b34ebdee5d4d60b43baa8cb211b29444) Importer(815301076,1909f56bfc062723c751e8b465ee728b)  -> (artifact id: 'f5f389431ff4825311bb489afd06cde2') in 0.048938 seconds
  Import took 0.056011 seconds .

========================================================================
Received Import Request.
  Time since last request: 0.000995 seconds.
  path: Assets/Mirror/Examples/RigidbodyPhysics/Materials/Green.mat
  artifactKey: Guid(bbe2c7293af197640a2b40018e79b9a6) Importer(815301076,1909f56bfc062723c751e8b465ee728b)
Start importing Assets/Mirror/Examples/RigidbodyPhysics/Materials/Green.mat using Guid(bbe2c7293af197640a2b40018e79b9a6) Importer(815301076,1909f56bfc062723c751e8b465ee728b)  -> (artifact id: '522457f56bfc35d5c32d4375f71d1998') in 0.025084 seconds
  Import took 0.031269 seconds .

========================================================================
Received Import Request.
  Time since last request: 0.000793 seconds.
  path: Assets/Photon/PhotonUnityNetworking/Demos/Shared Assets/Materials/Gradient.mat
  artifactKey: Guid(32e7ed8e6b80b884bbed8260b788648b) Importer(815301076,1909f56bfc062723c751e8b465ee728b)
Start importing Assets/Photon/PhotonUnityNetworking/Demos/Shared Assets/Materials/Gradient.mat using Guid(32e7ed8e6b80b884bbed8260b788648b) Importer(815301076,1909f56bfc062723c751e8b465ee728b)  -> (artifact id: 'e6434c327cd4fbd39bbbc00de034a803') in 0.072244 seconds
  Import took 0.080231 seconds .

========================================================================
Received Import Request.
  Time since last request: 0.000888 seconds.
  path: Assets/Photon/PhotonUnityNetworking/Demos/DemoSlotRacer/Kenney Assets/Racing Kit/Models/roadStraightBridgeStart.fbx
  artifactKey: Guid(f3190f178f6804a438514c250f12db6a) Importer(815301076,1909f56bfc062723c751e8b465ee728b)
Start importing Assets/Photon/PhotonUnityNetworking/Demos/DemoSlotRacer/Kenney Assets/Racing Kit/Models/roadStraightBridgeStart.fbx using Guid(f3190f178f6804a438514c250f12db6a) Importer(815301076,1909f56bfc062723c751e8b465ee728b)  -> (artifact id: '62ebef469f3f2ba808066723db482df9') in 0.242329 seconds
  Import took 0.251096 seconds .

========================================================================
Received Import Request.
  Time since last request: 0.000383 seconds.
  path: Assets/Photon/PhotonUnityNetworking/Demos/DemoSlotRacer/Kenney Assets/Racing Kit/Models/roadRampLongCurvedWall.fbx
  artifactKey: Guid(002276cc119770f4c8b9797abd47f7e5) Importer(815301076,1909f56bfc062723c751e8b465ee728b)
Start importing Assets/Photon/PhotonUnityNetworking/Demos/DemoSlotRacer/Kenney Assets/Racing Kit/Models/roadRampLongCurvedWall.fbx using Guid(002276cc119770f4c8b9797abd47f7e5) Importer(815301076,1909f56bfc062723c751e8b465ee728b)  -> (artifact id: '8391ddd92d43a542812fe003330a5848') in 0.045150 seconds
  Import took 0.053541 seconds .

========================================================================
Received Import Request.
  Time since last request: 0.000449 seconds.
  path: Assets/Photon/PhotonUnityNetworking/Demos/PunBasics-Tutorial/Prefabs/Game Manager.prefab
  artifactKey: Guid(b7fe671fa5d4d4772a4b20715fb9b0ff) Importer(815301076,1909f56bfc062723c751e8b465ee728b)
Start importing Assets/Photon/PhotonUnityNetworking/Demos/PunBasics-Tutorial/Prefabs/Game Manager.prefab using Guid(b7fe671fa5d4d4772a4b20715fb9b0ff) Importer(815301076,1909f56bfc062723c751e8b465ee728b)  -> (artifact id: 'd05b8ee1a1b35119fd29221bb6c6eb49') in 0.115058 seconds
  Import took 0.122807 seconds .

========================================================================
Received Import Request.
  Time since last request: 0.000439 seconds.
  path: Assets/Photon/PhotonUnityNetworking/Demos/DemoSlotRacer/Kenney Assets/Stylized city/Models/tree_1.FBX
  artifactKey: Guid(92afa2e4e0d0b8542bf48b0de3ac19bd) Importer(815301076,1909f56bfc062723c751e8b465ee728b)
Start importing Assets/Photon/PhotonUnityNetworking/Demos/DemoSlotRacer/Kenney Assets/Stylized city/Models/tree_1.FBX using Guid(92afa2e4e0d0b8542bf48b0de3ac19bd) Importer(815301076,1909f56bfc062723c751e8b465ee728b)  -> (artifact id: 'ce257a2f58880175e35da90708911ee5') in 0.126646 seconds
  Import took 0.134066 seconds .

========================================================================
Received Import Request.
  Time since last request: 0.000350 seconds.
  path: Assets/Photon/PhotonUnityNetworking/Demos/DemoSlotRacer/Kenney Assets/Stylized city/Models/car_3.FBX
  artifactKey: Guid(09f4942833b61cf429ab5ae4addaacac) Importer(815301076,1909f56bfc062723c751e8b465ee728b)
Start importing Assets/Photon/PhotonUnityNetworking/Demos/DemoSlotRacer/Kenney Assets/Stylized city/Models/car_3.FBX using Guid(09f4942833b61cf429ab5ae4addaacac) Importer(815301076,1909f56bfc062723c751e8b465ee728b)  -> (artifact id: '6f765a4ca71670ce4eb7a957b4c732c8') in 0.261032 seconds
  Import took 0.268461 seconds .

========================================================================
Received Import Request.
  Time since last request: 0.000365 seconds.
  path: Assets/Photon/PhotonUnityNetworking/Demos/Shared Assets/Skin/eurof35.ttf
  artifactKey: Guid(954746d370bc8934299c8c8267543f4f) Importer(815301076,1909f56bfc062723c751e8b465ee728b)
Start importing Assets/Photon/PhotonUnityNetworking/Demos/Shared Assets/Skin/eurof35.ttf using Guid(954746d370bc8934299c8c8267543f4f) Importer(815301076,1909f56bfc062723c751e8b465ee728b)  -> (artifact id: '92a8050c36b113c85f68996ef12b630a') in 0.080078 seconds
  Import took 0.087275 seconds .

========================================================================
Received Import Request.
  Time since last request: 0.000859 seconds.
  path: Assets/Photon/PhotonUnityNetworking/Demos/DemoAsteroids/Prefabs/PlayerListEntry.prefab
  artifactKey: Guid(d68bf8413681d9b4aa7328277e632e3f) Importer(815301076,1909f56bfc062723c751e8b465ee728b)
Start importing Assets/Photon/PhotonUnityNetworking/Demos/DemoAsteroids/Prefabs/PlayerListEntry.prefab using Guid(d68bf8413681d9b4aa7328277e632e3f) Importer(815301076,1909f56bfc062723c751e8b465ee728b)  -> (artifact id: '6fdf8e57606513d71d89d46863a7f64e') in 0.055408 seconds
  Import took 0.064137 seconds .

========================================================================
Received Import Request.
  Time since last request: 0.000566 seconds.
  path: Assets/Photon/PhotonUnityNetworking/Demos/DemoSlotRacer/Kenney Assets/Racing Kit/Models/flagGreen.fbx
  artifactKey: Guid(b2c239f9b60751e4ab9034c7f2ad66b1) Importer(815301076,1909f56bfc062723c751e8b465ee728b)
Start importing Assets/Photon/PhotonUnityNetworking/Demos/DemoSlotRacer/Kenney Assets/Racing Kit/Models/flagGreen.fbx using Guid(b2c239f9b60751e4ab9034c7f2ad66b1) Importer(815301076,1909f56bfc062723c751e8b465ee728b)  -> (artifact id: '8125937ef1f1aec4ed3d1568109981d7') in 0.046238 seconds
  Import took 0.053718 seconds .

========================================================================
Received Import Request.
  Time since last request: 0.001508 seconds.
  path: Assets/Photon/PhotonVoice/Demos/DemoVoicePun/Stylized city/Materials/24 - Default.mat
  artifactKey: Guid(8446cb282e1f9f344b56bd75db83f0be) Importer(815301076,1909f56bfc062723c751e8b465ee728b)
Start importing Assets/Photon/PhotonVoice/Demos/DemoVoicePun/Stylized city/Materials/24 - Default.mat using Guid(8446cb282e1f9f344b56bd75db83f0be) Importer(815301076,1909f56bfc062723c751e8b465ee728b)  -> (artifact id: 'f2a64b9079e235be21bd0aa2b0d3a11b') in 0.048274 seconds
  Import took 0.056935 seconds .

========================================================================
Received Import Request.
  Time since last request: 0.000391 seconds.
  path: Assets/Mirror/Examples/AdditiveScenes/Materials/Capsule.mat
  artifactKey: Guid(3ec90781e3720544da7fc86055e6cbe6) Importer(815301076,1909f56bfc062723c751e8b465ee728b)
Start importing Assets/Mirror/Examples/AdditiveScenes/Materials/Capsule.mat using Guid(3ec90781e3720544da7fc86055e6cbe6) Importer(815301076,1909f56bfc062723c751e8b465ee728b)  -> (artifact id: '1d065d16e620c6536d5ac0b7fdc40dac') in 0.093790 seconds
  Import took 0.100916 seconds .

========================================================================
Received Import Request.
  Time since last request: 0.001027 seconds.
  path: Assets/Mirror/Examples/AdditiveScenes/Materials/Cylinder.mat
  artifactKey: Guid(439a10ee8f8d14040be9003239449741) Importer(815301076,1909f56bfc062723c751e8b465ee728b)
Start importing Assets/Mirror/Examples/AdditiveScenes/Materials/Cylinder.mat using Guid(439a10ee8f8d14040be9003239449741) Importer(815301076,1909f56bfc062723c751e8b465ee728b)  -> (artifact id: 'c788f80c02a5e3f77a30bbb52ccd1f4b') in 0.027540 seconds
  Import took 0.034809 seconds .

========================================================================
Received Import Request.
  Time since last request: 0.000340 seconds.
  path: Assets/Photon/PhotonUnityNetworking/Demos/Shared Assets/Animations/HumanoidWalk.fbx
  artifactKey: Guid(b1a5e04ae51004842aba06704a6c2903) Importer(815301076,1909f56bfc062723c751e8b465ee728b)
Start importing Assets/Photon/PhotonUnityNetworking/Demos/Shared Assets/Animations/HumanoidWalk.fbx using Guid(b1a5e04ae51004842aba06704a6c2903) Importer(815301076,1909f56bfc062723c751e8b465ee728b)  -> (artifact id: '023304d21d00884c6a0fb661b7071c9a') in 0.115050 seconds
  Import took 0.148794 seconds .

========================================================================
Received Import Request.
  Time since last request: 0.000854 seconds.
  path: Assets/Photon/PhotonUnityNetworking/Demos/PunBasics-Tutorial/Prefabs/Player UI.prefab
  artifactKey: Guid(e41946a981c3b444a84d15eb7c608ca4) Importer(815301076,1909f56bfc062723c751e8b465ee728b)
Start importing Assets/Photon/PhotonUnityNetworking/Demos/PunBasics-Tutorial/Prefabs/Player UI.prefab using Guid(e41946a981c3b444a84d15eb7c608ca4) Importer(815301076,1909f56bfc062723c751e8b465ee728b)  -> (artifact id: 'c9e04033a2b681cdef2c508b1ac80221') in 0.095832 seconds
  Import took 0.133028 seconds .

========================================================================
Received Import Request.
  Time since last request: 0.000518 seconds.
  path: Assets/Photon/PhotonUnityNetworking/Demos/Shared Assets/Animations/HumanoidRun.fbx
  artifactKey: Guid(1cb8ed3cbba15f0479fbae54e0a963df) Importer(815301076,1909f56bfc062723c751e8b465ee728b)
Start importing Assets/Photon/PhotonUnityNetworking/Demos/Shared Assets/Animations/HumanoidRun.fbx using Guid(1cb8ed3cbba15f0479fbae54e0a963df) Importer(815301076,1909f56bfc062723c751e8b465ee728b)  -> (artifact id: '0bf3c6bef0523d4077bc71224ca2d61c') in 0.030644 seconds
  Import took 0.040265 seconds .

========================================================================
Received Import Request.
  Time since last request: 0.000361 seconds.
  path: Assets/Photon/PhotonUnityNetworking/Demos/DemoAsteroids/Prefabs/PlayerOverviewEntry.prefab
  artifactKey: Guid(f03d1c686a26a1d4da99a4186b0bb1ab) Importer(815301076,1909f56bfc062723c751e8b465ee728b)
Start importing Assets/Photon/PhotonUnityNetworking/Demos/DemoAsteroids/Prefabs/PlayerOverviewEntry.prefab using Guid(f03d1c686a26a1d4da99a4186b0bb1ab) Importer(815301076,1909f56bfc062723c751e8b465ee728b)  -> (artifact id: 'd69cf1b63ba301fb57adb78230715cc3') in 0.017168 seconds
  Import took 0.024243 seconds .

========================================================================
Received Import Request.
  Time since last request: 0.000391 seconds.
  path: Assets/Photon/PhotonUnityNetworking/Demos/Shared Assets/Animations/Materials/EyesMaterial.mat
  artifactKey: Guid(ce5a83fcea7762541ba43ca5bd854dae) Importer(815301076,1909f56bfc062723c751e8b465ee728b)
Start importing Assets/Photon/PhotonUnityNetworking/Demos/Shared Assets/Animations/Materials/EyesMaterial.mat using Guid(ce5a83fcea7762541ba43ca5bd854dae) Importer(815301076,1909f56bfc062723c751e8b465ee728b)  -> (artifact id: '723749728a3aa9f0106fbd6be38bee57') in 0.431352 seconds
  Import took 0.448780 seconds .

========================================================================
Received Import Request.
  Time since last request: 0.000823 seconds.
  path: Assets/Photon/PhotonUnityNetworking/Demos/DemoSlotRacer/Kenney Assets/Stylized city/Materials/ground_green232.mat
  artifactKey: Guid(fd4000dd854ad0e40ba2a59fab94cad1) Importer(815301076,1909f56bfc062723c751e8b465ee728b)
Start importing Assets/Photon/PhotonUnityNetworking/Demos/DemoSlotRacer/Kenney Assets/Stylized city/Materials/ground_green232.mat using Guid(fd4000dd854ad0e40ba2a59fab94cad1) Importer(815301076,1909f56bfc062723c751e8b465ee728b)  -> (artifact id: '8e3c5e9efdc5af43b5ae77953f3759e1') in 0.047014 seconds
  Import took 0.053943 seconds .

========================================================================
Received Import Request.
  Time since last request: 0.000107 seconds.
  path: Assets/Photon/PhotonUnityNetworking/Demos/DemoSlotRacer/Kenney Assets/Stylized city/Materials/22 - Default.mat
  artifactKey: Guid(86080a783905b5740ad2b81f63a2c650) Importer(815301076,1909f56bfc062723c751e8b465ee728b)
Start importing Assets/Photon/PhotonUnityNetworking/Demos/DemoSlotRacer/Kenney Assets/Stylized city/Materials/22 - Default.mat using Guid(86080a783905b5740ad2b81f63a2c650) Importer(815301076,1909f56bfc062723c751e8b465ee728b)  -> (artifact id: '6392aee2528bddf296ae5fac823de103') in 0.093636 seconds
  Import took 0.111540 seconds .

========================================================================
Received Import Request.
  Time since last request: 0.000480 seconds.
  path: Assets/Photon/PhotonUnityNetworking/Demos/DemoSlotRacer/Kenney Assets/Stylized city/Models/bush1.FBX
  artifactKey: Guid(c8680fab33c72bb4ba3e31987e0b0182) Importer(815301076,1909f56bfc062723c751e8b465ee728b)
Start importing Assets/Photon/PhotonUnityNetworking/Demos/DemoSlotRacer/Kenney Assets/Stylized city/Models/bush1.FBX using Guid(c8680fab33c72bb4ba3e31987e0b0182) Importer(815301076,1909f56bfc062723c751e8b465ee728b)  -> (artifact id: '35604598225fc3586272d53b1a502ffc') in 0.226031 seconds
  Import took 0.243815 seconds .

========================================================================
Received Import Request.
  Time since last request: 0.000380 seconds.
  path: Assets/Photon/PhotonUnityNetworking/Demos/Shared Assets/Animations/HumanoidIdleJumpUp.fbx
  artifactKey: Guid(0d9d26e2162aa4d11ab075b34c029673) Importer(815301076,1909f56bfc062723c751e8b465ee728b)
Start importing Assets/Photon/PhotonUnityNetworking/Demos/Shared Assets/Animations/HumanoidIdleJumpUp.fbx using Guid(0d9d26e2162aa4d11ab075b34c029673) Importer(815301076,1909f56bfc062723c751e8b465ee728b)  -> (artifact id: 'cf9a1562268ceee177562850ca008ecf') in 0.721214 seconds
  Import took 0.729693 seconds .

========================================================================
Received Import Request.
  Time since last request: 0.000393 seconds.
  path: Assets/Photon/PhotonUnityNetworking/Demos/Shared Assets/Animations/HumanoidWalkTurn.fbx
  artifactKey: Guid(1c52c953c83c2254a9fa72d50250f028) Importer(815301076,1909f56bfc062723c751e8b465ee728b)
Start importing Assets/Photon/PhotonUnityNetworking/Demos/Shared Assets/Animations/HumanoidWalkTurn.fbx using Guid(1c52c953c83c2254a9fa72d50250f028) Importer(815301076,1909f56bfc062723c751e8b465ee728b)  -> (artifact id: '743f20a18bc9d62a77f8ee4ab2643e5d') in 0.181089 seconds
  Import took 0.191089 seconds .

========================================================================
Received Import Request.
  Time since last request: 0.000365 seconds.
  path: Assets/Photon/PhotonUnityNetworking/Demos/DemoAsteroids/Models/LaserBolt.fbx
  artifactKey: Guid(efbb13993d8043d4ba5c752ed4b1a2bc) Importer(815301076,1909f56bfc062723c751e8b465ee728b)
Start importing Assets/Photon/PhotonUnityNetworking/Demos/DemoAsteroids/Models/LaserBolt.fbx using Guid(efbb13993d8043d4ba5c752ed4b1a2bc) Importer(815301076,1909f56bfc062723c751e8b465ee728b)  -> (artifact id: '2535add353496b32732a54fbbd9813a5') in 0.056009 seconds
  Import took 0.065032 seconds .

========================================================================
Received Import Request.
  Time since last request: 0.000416 seconds.
  path: Assets/Photon/PhotonUnityNetworking/Demos/DemoSlotRacer/Resources/Player Controller.prefab
  artifactKey: Guid(c9248d8e58293473bb27cf2f5505f88b) Importer(815301076,1909f56bfc062723c751e8b465ee728b)
Start importing Assets/Photon/PhotonUnityNetworking/Demos/DemoSlotRacer/Resources/Player Controller.prefab using Guid(c9248d8e58293473bb27cf2f5505f88b) Importer(815301076,1909f56bfc062723c751e8b465ee728b)  -> (artifact id: 'afee6f341c76332516110421a170ff37') in 0.140305 seconds
  Import took 0.150584 seconds .

========================================================================
Received Import Request.
  Time since last request: 0.000429 seconds.
  path: Assets/Photon/PhotonVoice/Demos/DemoVoicePun/Resources/Hellephant.prefab
  artifactKey: Guid(548c56f4bcf4db24b8aa057e9846a005) Importer(815301076,1909f56bfc062723c751e8b465ee728b)
Start importing Assets/Photon/PhotonVoice/Demos/DemoVoicePun/Resources/Hellephant.prefab using Guid(548c56f4bcf4db24b8aa057e9846a005) Importer(815301076,1909f56bfc062723c751e8b465ee728b)  -> (artifact id: 'd0e5feab080ff79e2374b4da7f0648ed') in 1.176259 seconds
  Import took 1.184206 seconds .

========================================================================
Received Import Request.
  Time since last request: 0.000384 seconds.
  path: Assets/Photon/PhotonUnityNetworking/Demos/Shared Assets/Animations/HumanoidCrouch.fbx
  artifactKey: Guid(d89ea37480b6d75458aa38843e9688dc) Importer(815301076,1909f56bfc062723c751e8b465ee728b)
Start importing Assets/Photon/PhotonUnityNetworking/Demos/Shared Assets/Animations/HumanoidCrouch.fbx using Guid(d89ea37480b6d75458aa38843e9688dc) Importer(815301076,1909f56bfc062723c751e8b465ee728b)  -> (artifact id: 'c035901c9027400f96172a71bfd0476c') in 0.042770 seconds
  Import took 0.050729 seconds .

========================================================================
Received Import Request.
  Time since last request: 0.000623 seconds.
  path: Assets/Photon/PhotonUnityNetworking/Demos/DemoSlotRacer/Kenney Assets/Racing Kit/Models/Materials/grass.mat
  artifactKey: Guid(ba3bddb608259184783916ac7915d5a2) Importer(815301076,1909f56bfc062723c751e8b465ee728b)
Start importing Assets/Photon/PhotonUnityNetworking/Demos/DemoSlotRacer/Kenney Assets/Racing Kit/Models/Materials/grass.mat using Guid(ba3bddb608259184783916ac7915d5a2) Importer(815301076,1909f56bfc062723c751e8b465ee728b)  -> (artifact id: '30bf6d3f8e56c15873d97ac172e81b77') in 0.046182 seconds
  Import took 0.054137 seconds .

========================================================================
Received Import Request.
  Time since last request: 0.001628 seconds.
  path: Assets/Photon/PhotonUnityNetworking/Demos/DemoSlotRacer/Kenney Assets/Racing Kit/Models/billboardLower.fbx
  artifactKey: Guid(271d69ba92e5ec94eaa3779f0ea4ce47) Importer(815301076,1909f56bfc062723c751e8b465ee728b)
Start importing Assets/Photon/PhotonUnityNetworking/Demos/DemoSlotRacer/Kenney Assets/Racing Kit/Models/billboardLower.fbx using Guid(271d69ba92e5ec94eaa3779f0ea4ce47) Importer(815301076,1909f56bfc062723c751e8b465ee728b)  -> (artifact id: '8696df24e96a76b82cd9d22287f8b402') in 0.070216 seconds
  Import took 0.085249 seconds .

========================================================================
Received Import Request.
  Time since last request: 0.000472 seconds.
  path: Assets/Scripts/GameManager.cs
  artifactKey: Guid(566bb6cc8ad142a41a0e6b147c6a9aae) Importer(815301076,1909f56bfc062723c751e8b465ee728b)
Start importing Assets/Scripts/GameManager.cs using Guid(566bb6cc8ad142a41a0e6b147c6a9aae) Importer(815301076,1909f56bfc062723c751e8b465ee728b)  -> (artifact id: 'b4affc0118d25aaa90e6accdfb5c8880') in 0.024834 seconds
  Import took 0.035473 seconds .

========================================================================
Received Import Request.
  Time since last request: 0.000348 seconds.
  path: Assets/Photon/PhotonUnityNetworking/Demos/Shared Assets/Skin/Orbitron Black.ttf
  artifactKey: Guid(495c9e2a934bcc640a8d7427b13cb680) Importer(815301076,1909f56bfc062723c751e8b465ee728b)
Start importing Assets/Photon/PhotonUnityNetworking/Demos/Shared Assets/Skin/Orbitron Black.ttf using Guid(495c9e2a934bcc640a8d7427b13cb680) Importer(815301076,1909f56bfc062723c751e8b465ee728b)  -> (artifact id: '32bc0f5b015c8a9ae62f70e683d9a7d9') in 0.093085 seconds
  Import took 0.107228 seconds .

========================================================================
Received Import Request.
  Time since last request: 0.000456 seconds.
  path: Assets/Scripts/GameManager.cs
  artifactKey: Guid(566bb6cc8ad142a41a0e6b147c6a9aae) Importer(815301076,1909f56bfc062723c751e8b465ee728b)
Start importing Assets/Scripts/GameManager.cs using Guid(566bb6cc8ad142a41a0e6b147c6a9aae) Importer(815301076,1909f56bfc062723c751e8b465ee728b)  -> (artifact id: 'b4affc0118d25aaa90e6accdfb5c8880') in 0.027304 seconds
  Import took 0.058049 seconds .

========================================================================
Received Import Request.
  Time since last request: 0.000393 seconds.
  path: Assets/Mirror/Examples/Tanks/Models/(Public Domain) Recon_Tank/reconTank.fbx
  artifactKey: Guid(38b49695fc0a4418bbc350f2366660c5) Importer(815301076,1909f56bfc062723c751e8b465ee728b)
Start importing Assets/Mirror/Examples/Tanks/Models/(Public Domain) Recon_Tank/reconTank.fbx using Guid(38b49695fc0a4418bbc350f2366660c5) Importer(815301076,1909f56bfc062723c751e8b465ee728b)  -> (artifact id: '2fc037f1e4be789307dab276100d2a59') in 0.160000 seconds
  Import took 0.178969 seconds .

========================================================================
Received Import Request.
  Time since last request: 0.001106 seconds.
  path: Assets/Photon/PhotonUnityNetworking/Demos/Shared Assets/Prefabs/PointerPrefab.prefab
  artifactKey: Guid(9c6977a9ecda14e4e96ea3a71c749c2c) Importer(815301076,1909f56bfc062723c751e8b465ee728b)
Start importing Assets/Photon/PhotonUnityNetworking/Demos/Shared Assets/Prefabs/PointerPrefab.prefab using Guid(9c6977a9ecda14e4e96ea3a71c749c2c) Importer(815301076,1909f56bfc062723c751e8b465ee728b)  -> (artifact id: 'e74c00df0e45e4d3ec0b539fee649e1b') in 0.251674 seconds
  Import took 0.272605 seconds .

========================================================================
Received Import Request.
  Time since last request: 0.000827 seconds.
  path: Assets/Photon/PhotonUnityNetworking/Demos/Shared Assets/Animations/HumanoidWalkTurnSharp.fbx
  artifactKey: Guid(bb141fc9a700c9c4ca7e6dadb8acf24b) Importer(815301076,1909f56bfc062723c751e8b465ee728b)
Start importing Assets/Photon/PhotonUnityNetworking/Demos/Shared Assets/Animations/HumanoidWalkTurnSharp.fbx using Guid(bb141fc9a700c9c4ca7e6dadb8acf24b) Importer(815301076,1909f56bfc062723c751e8b465ee728b)  -> (artifact id: '77ca3923ae43156f1ab866be0ceb43f7') in 0.054115 seconds
  Import took 0.065731 seconds .

========================================================================
Received Import Request.
  Time since last request: 0.000377 seconds.
  path: Assets/Photon/PhotonUnityNetworking/Demos/DemoAsteroids/Models/Materials/Asteroid.mat
  artifactKey: Guid(be2c382f522695c4fa3947ac8e1d4457) Importer(815301076,1909f56bfc062723c751e8b465ee728b)
Start importing Assets/Photon/PhotonUnityNetworking/Demos/DemoAsteroids/Models/Materials/Asteroid.mat using Guid(be2c382f522695c4fa3947ac8e1d4457) Importer(815301076,1909f56bfc062723c751e8b465ee728b)  -> (artifact id: '4fca9a1e18d72de01d8bf70dc615488d') in 0.036993 seconds
  Import took 0.046065 seconds .

========================================================================
Received Import Request.
  Time since last request: 0.000721 seconds.
  path: Assets/Photon/PhotonVoice/Demos/DemoProximityVoiceChat/Prefabs/Pointer.fbx
  artifactKey: Guid(4a8a7d0946f96734facf6de7d7ac8780) Importer(815301076,1909f56bfc062723c751e8b465ee728b)
Start importing Assets/Photon/PhotonVoice/Demos/DemoProximityVoiceChat/Prefabs/Pointer.fbx using Guid(4a8a7d0946f96734facf6de7d7ac8780) Importer(815301076,1909f56bfc062723c751e8b465ee728b)  -> (artifact id: 'f7756ed693c95f57dd08f325e06ecf33') in 0.094602 seconds
  Import took 0.103833 seconds .

========================================================================
Received Import Request.
  Time since last request: 0.000457 seconds.
  path: Assets/Photon/PhotonVoice/Demos/DemoVoicePun/Materials/EyesMaterial.mat
  artifactKey: Guid(51d14e0fd3936be48bf8d5031d3e24c7) Importer(815301076,1909f56bfc062723c751e8b465ee728b)
Start importing Assets/Photon/PhotonVoice/Demos/DemoVoicePun/Materials/EyesMaterial.mat using Guid(51d14e0fd3936be48bf8d5031d3e24c7) Importer(815301076,1909f56bfc062723c751e8b465ee728b)  -> (artifact id: '705e4f44b3b5ca4d2ea59bd65fbcf83b') in 0.077812 seconds
  Import took 0.106809 seconds .

========================================================================
Received Import Request.
  Time since last request: 0.000487 seconds.
  path: Assets/Photon/PhotonUnityNetworking/Demos/DemoSlotRacer/Kenney Assets/Racing Kit/Models/roadStraight.fbx
  artifactKey: Guid(ca7c80957e4a0044c8068142334ca1b3) Importer(815301076,1909f56bfc062723c751e8b465ee728b)
Start importing Assets/Photon/PhotonUnityNetworking/Demos/DemoSlotRacer/Kenney Assets/Racing Kit/Models/roadStraight.fbx using Guid(ca7c80957e4a0044c8068142334ca1b3) Importer(815301076,1909f56bfc062723c751e8b465ee728b)  -> (artifact id: '527eacecb8a9a4bedf72b77bfe94a6d7') in 0.070582 seconds
  Import took 0.082456 seconds .

========================================================================
Received Import Request.
  Time since last request: 0.000441 seconds.
  path: Assets/Photon/PhotonUnityNetworking/Demos/DemoAsteroids/Models/Spaceship.fbx
  artifactKey: Guid(65e16ec6a1570944a980e4988e715ae6) Importer(815301076,1909f56bfc062723c751e8b465ee728b)
Start importing Assets/Photon/PhotonUnityNetworking/Demos/DemoAsteroids/Models/Spaceship.fbx using Guid(65e16ec6a1570944a980e4988e715ae6) Importer(815301076,1909f56bfc062723c751e8b465ee728b)  -> (artifact id: '1b3f0a5f8de5dcecb6f1caa3347800e8') in 0.167291 seconds
  Import took 0.180208 seconds .

========================================================================
Received Import Request.
  Time since last request: 0.000413 seconds.
  path: Assets/Photon/PhotonVoice/Demos/DemoVoicePun/Resources/Boy.prefab
  artifactKey: Guid(4e5a0d387dc27394b81600988ad0216f) Importer(815301076,1909f56bfc062723c751e8b465ee728b)
Start importing Assets/Photon/PhotonVoice/Demos/DemoVoicePun/Resources/Boy.prefab using Guid(4e5a0d387dc27394b81600988ad0216f) Importer(815301076,1909f56bfc062723c751e8b465ee728b)  -> (artifact id: '988fdb55f8f0dc8825a2eb1a5cb26282') in 0.087579 seconds
  Import took 0.100781 seconds .

========================================================================
Received Import Request.
  Time since last request: 0.000350 seconds.
  path: Assets/Photon/PhotonUnityNetworking/Demos/DemoSlotRacer/Kenney Assets/Stylized city/Materials/20 - Default.mat
  artifactKey: Guid(4e1a4e79a3548164da24123dbb0f3566) Importer(815301076,1909f56bfc062723c751e8b465ee728b)
Start importing Assets/Photon/PhotonUnityNetworking/Demos/DemoSlotRacer/Kenney Assets/Stylized city/Materials/20 - Default.mat using Guid(4e1a4e79a3548164da24123dbb0f3566) Importer(815301076,1909f56bfc062723c751e8b465ee728b)  -> (artifact id: '15f139929dc86ecf8f145786e46a0a0d') in 0.149959 seconds
  Import took 0.198959 seconds .

========================================================================
Received Import Request.
  Time since last request: 0.001476 seconds.
  path: Assets/Photon/PhotonUnityNetworking/Demos/DemoSlotRacer/Kenney Assets/Stylized city/Materials/24 - Default.mat
  artifactKey: Guid(c14837dfa515883428e5652d93e80c72) Importer(815301076,1909f56bfc062723c751e8b465ee728b)
Start importing Assets/Photon/PhotonUnityNetworking/Demos/DemoSlotRacer/Kenney Assets/Stylized city/Materials/24 - Default.mat using Guid(c14837dfa515883428e5652d93e80c72) Importer(815301076,1909f56bfc062723c751e8b465ee728b)  -> (artifact id: '77c0ddf220251a9dce9ca6931873b379') in 0.053763 seconds
  Import took 0.065240 seconds .

========================================================================
Received Import Request.
  Time since last request: 0.000373 seconds.
  path: Assets/Photon/PhotonVoice/Demos/DemoVoicePun/Fonts/Orbitron Black.ttf
  artifactKey: Guid(253eb4f81b3a5264099f294bfc0fbb8c) Importer(815301076,1909f56bfc062723c751e8b465ee728b)
Start importing Assets/Photon/PhotonVoice/Demos/DemoVoicePun/Fonts/Orbitron Black.ttf using Guid(253eb4f81b3a5264099f294bfc0fbb8c) Importer(815301076,1909f56bfc062723c751e8b465ee728b)  -> (artifact id: '1fc834a7566546887126fd8087ff0ed9') in 0.039240 seconds
  Import took 0.049510 seconds .

========================================================================
Received Import Request.
  Time since last request: 0.001525 seconds.
  path: Assets/Photon/PhotonVoice/Demos/DemoVoiceUI/RobotoFont/RobotoCondensed-Bold.ttf
  artifactKey: Guid(aace1d6711bf8104d87562bd81d1819d) Importer(815301076,1909f56bfc062723c751e8b465ee728b)
Start importing Assets/Photon/PhotonVoice/Demos/DemoVoiceUI/RobotoFont/RobotoCondensed-Bold.ttf using Guid(aace1d6711bf8104d87562bd81d1819d) Importer(815301076,1909f56bfc062723c751e8b465ee728b)  -> (artifact id: '0dce8ea8e628496197483d169ec714c7') in 0.037493 seconds
  Import took 0.048653 seconds .

========================================================================
Received Import Request.
  Time since last request: 0.000407 seconds.
  path: Assets/Photon/PhotonUnityNetworking/Demos/DemoSlotRacer/Kenney Assets/Racing Kit/Models/roadStart.fbx
  artifactKey: Guid(4a85baa15824c004e9265ae93708faf9) Importer(815301076,1909f56bfc062723c751e8b465ee728b)
Start importing Assets/Photon/PhotonUnityNetworking/Demos/DemoSlotRacer/Kenney Assets/Racing Kit/Models/roadStart.fbx using Guid(4a85baa15824c004e9265ae93708faf9) Importer(815301076,1909f56bfc062723c751e8b465ee728b)  -> (artifact id: 'a7ea3a8b28b166adadd6e994827b9eb0') in 0.141950 seconds
  Import took 0.174413 seconds .

========================================================================
Received Import Request.
  Time since last request: 0.001414 seconds.
  path: Assets/Photon/PhotonVoice/Demos/DemoVoiceUI/RobotoFont/RobotoCondensed-Light.ttf
  artifactKey: Guid(defa0bab941d7f044acf393273e7c3de) Importer(815301076,1909f56bfc062723c751e8b465ee728b)
Start importing Assets/Photon/PhotonVoice/Demos/DemoVoiceUI/RobotoFont/RobotoCondensed-Light.ttf using Guid(defa0bab941d7f044acf393273e7c3de) Importer(815301076,1909f56bfc062723c751e8b465ee728b)  -> (artifact id: '78bf4e88f1f5c7dce50b52c9d97e1c26') in 0.285163 seconds
  Import took 0.299624 seconds .

========================================================================
Received Import Request.
  Time since last request: 0.000450 seconds.
  path: Assets/Photon/PhotonUnityNetworking/Demos/DemoSlotRacer/Kenney Assets/Stylized city/Materials/11 - Default.mat
  artifactKey: Guid(b7d67d7d7ddb88542b23886a4b496c77) Importer(815301076,1909f56bfc062723c751e8b465ee728b)
Start importing Assets/Photon/PhotonUnityNetworking/Demos/DemoSlotRacer/Kenney Assets/Stylized city/Materials/11 - Default.mat using Guid(b7d67d7d7ddb88542b23886a4b496c77) Importer(815301076,1909f56bfc062723c751e8b465ee728b)  -> (artifact id: 'ba75b634c09a640affd337522ea8aa0f') in 0.040135 seconds
  Import took 0.047806 seconds .

========================================================================
Received Import Request.
  Time since last request: 0.000388 seconds.
  path: Assets/Photon/PhotonVoice/Demos/DemoVoicePun/Materials/Ground.mat
  artifactKey: Guid(7ec261d64781e0a43859a5fc0c20ea3e) Importer(815301076,1909f56bfc062723c751e8b465ee728b)
Start importing Assets/Photon/PhotonVoice/Demos/DemoVoicePun/Materials/Ground.mat using Guid(7ec261d64781e0a43859a5fc0c20ea3e) Importer(815301076,1909f56bfc062723c751e8b465ee728b)  -> (artifact id: 'a570644e40a81df6d16a486e90f0e6d6') in 0.058324 seconds
  Import took 0.088445 seconds .

========================================================================
Received Import Request.
  Time since last request: 0.000442 seconds.
  path: Assets/Photon/PhotonVoice/Demos/DemoProximityVoiceChat/Resources/Character.prefab
  artifactKey: Guid(943e4e55bdf2c284c8773bdadda7c2e0) Importer(815301076,1909f56bfc062723c751e8b465ee728b)
Start importing Assets/Photon/PhotonVoice/Demos/DemoProximityVoiceChat/Resources/Character.prefab using Guid(943e4e55bdf2c284c8773bdadda7c2e0) Importer(815301076,1909f56bfc062723c751e8b465ee728b)  -> (artifact id: 'aac918bd0a00acb938374dec5e3229ba') in 0.153805 seconds
  Import took 0.172757 seconds .

========================================================================
Received Import Request.
  Time since last request: 0.000807 seconds.
  path: Assets/Photon/PhotonVoice/Demos/DemoVoicePun/Models/Characters/Player.fbx
  artifactKey: Guid(f1d84cc28597f5641a3d9cbc4df7e306) Importer(815301076,1909f56bfc062723c751e8b465ee728b)
Start importing Assets/Photon/PhotonVoice/Demos/DemoVoicePun/Models/Characters/Player.fbx using Guid(f1d84cc28597f5641a3d9cbc4df7e306) Importer(815301076,1909f56bfc062723c751e8b465ee728b)  -> (artifact id: '8e325adccc96d95f7f73166f41f8d8af') in 0.765250 seconds
  Import took 0.774946 seconds .

========================================================================
Received Import Request.
  Time since last request: 0.000124 seconds.
  path: Assets/Photon/PhotonUnityNetworking/Demos/PunBasics-Tutorial/Prefabs/Demo Intro UI.prefab
  artifactKey: Guid(f773d1fa10a4f4e0d88490eab5d5b46d) Importer(815301076,1909f56bfc062723c751e8b465ee728b)
Start importing Assets/Photon/PhotonUnityNetworking/Demos/PunBasics-Tutorial/Prefabs/Demo Intro UI.prefab using Guid(f773d1fa10a4f4e0d88490eab5d5b46d) Importer(815301076,1909f56bfc062723c751e8b465ee728b)  -> (artifact id: '2c112c061a5b80239761c9b8dc1ac546') in 0.031358 seconds
  Import took 0.041553 seconds .

========================================================================
Received Import Request.
  Time since last request: 0.000491 seconds.
  path: Assets/Photon/PhotonUnityNetworking/Demos/Shared Assets/Animations/HumanoidJumpAndFall.fbx
  artifactKey: Guid(51dd2e4c869794f75a0df7d54b210214) Importer(815301076,1909f56bfc062723c751e8b465ee728b)
Start importing Assets/Photon/PhotonUnityNetworking/Demos/Shared Assets/Animations/HumanoidJumpAndFall.fbx using Guid(51dd2e4c869794f75a0df7d54b210214) Importer(815301076,1909f56bfc062723c751e8b465ee728b)  -> (artifact id: 'd885a7ee78964461223d51441ef45985') in 1.817507 seconds
  Import took 1.865363 seconds .

========================================================================
Received Import Request.
  Time since last request: 0.000456 seconds.
  path: Assets/Photon/PhotonUnityNetworking/Demos/Shared Assets/Animations/HumanoidStandTurn.fbx
  artifactKey: Guid(6fb3851da6a6f5948ab6892bee8ba920) Importer(815301076,1909f56bfc062723c751e8b465ee728b)
Start importing Assets/Photon/PhotonUnityNetworking/Demos/Shared Assets/Animations/HumanoidStandTurn.fbx using Guid(6fb3851da6a6f5948ab6892bee8ba920) Importer(815301076,1909f56bfc062723c751e8b465ee728b)  -> (artifact id: 'd4a58eb844e18b7fbc345418adfe94bc') in 0.139531 seconds
  Import took 0.149082 seconds .

========================================================================
Received Import Request.
  Time since last request: 0.000401 seconds.
  path: Assets/Photon/PhotonVoice/Demos/DemoVoicePun/Resources/Boy-Local.prefab
  artifactKey: Guid(918176382df6c6644be68959372cc869) Importer(815301076,1909f56bfc062723c751e8b465ee728b)
Start importing Assets/Photon/PhotonVoice/Demos/DemoVoicePun/Resources/Boy-Local.prefab using Guid(918176382df6c6644be68959372cc869) Importer(815301076,1909f56bfc062723c751e8b465ee728b)  -> (artifact id: '57c480b4c32b223f7ad4ee991495c12f') in 0.059190 seconds
  Import took 0.069362 seconds .

========================================================================
Received Import Request.
  Time since last request: 0.000731 seconds.
  path: Assets/Photon/PhotonUnityNetworking/Demos/DemoSlotRacer/Kenney Assets/Stylized city/Materials/ground_green.mat
  artifactKey: Guid(fef45cc204351a9458f02ad7c0243f18) Importer(815301076,1909f56bfc062723c751e8b465ee728b)
Start importing Assets/Photon/PhotonUnityNetworking/Demos/DemoSlotRacer/Kenney Assets/Stylized city/Materials/ground_green.mat using Guid(fef45cc204351a9458f02ad7c0243f18) Importer(815301076,1909f56bfc062723c751e8b465ee728b)  -> (artifact id: 'd5abdcee6e2a497a2abd784467c22350') in 0.066204 seconds
  Import took 0.072989 seconds .

========================================================================
Received Import Request.
  Time since last request: 0.000897 seconds.
  path: Assets/Photon/PhotonVoice/Demos/DemoProximityVoiceChat/Materials/GroundMaterial.mat
  artifactKey: Guid(28bac3abffecbe1448a30968e2382d1b) Importer(815301076,1909f56bfc062723c751e8b465ee728b)
Start importing Assets/Photon/PhotonVoice/Demos/DemoProximityVoiceChat/Materials/GroundMaterial.mat using Guid(28bac3abffecbe1448a30968e2382d1b) Importer(815301076,1909f56bfc062723c751e8b465ee728b)  -> (artifact id: 'd3394489b8c91971e9a1ce2254d547a6') in 0.490561 seconds
  Import took 0.497421 seconds .

========================================================================
Received Import Request.
  Time since last request: 0.000373 seconds.
  path: Assets/Photon/PhotonUnityNetworking/Demos/Shared Assets/Prefabs/UI/Button Regular.prefab
  artifactKey: Guid(395d3cc3d7cf0014a870fee72cbd3490) Importer(815301076,1909f56bfc062723c751e8b465ee728b)
Start importing Assets/Photon/PhotonUnityNetworking/Demos/Shared Assets/Prefabs/UI/Button Regular.prefab using Guid(395d3cc3d7cf0014a870fee72cbd3490) Importer(815301076,1909f56bfc062723c751e8b465ee728b)  -> (artifact id: '0eae00b137ac1fe06740c40fece409ed') in 0.482687 seconds
  Import took 0.498339 seconds .

========================================================================
Received Import Request.
  Time since last request: 0.000819 seconds.
  path: Assets/Photon/PhotonUnityNetworking/Demos/DemoAsteroids/Materials/FlyerAsteroid.mat
  artifactKey: Guid(968fc57e6928a5448ae7d0644246d534) Importer(815301076,1909f56bfc062723c751e8b465ee728b)
Start importing Assets/Photon/PhotonUnityNetworking/Demos/DemoAsteroids/Materials/FlyerAsteroid.mat using Guid(968fc57e6928a5448ae7d0644246d534) Importer(815301076,1909f56bfc062723c751e8b465ee728b)  -> (artifact id: 'a0e6dc630ebba2b246d3d6d0357372f2') in 0.170052 seconds
  Import took 0.279956 seconds .

========================================================================
Received Import Request.
  Time since last request: 0.001299 seconds.
  path: Assets/Photon/PhotonVoice/Demos/DemoVoicePun/Resources/Hellephant-Local.prefab
  artifactKey: Guid(ee7e51a42c13bcb428e1b8728ece9394) Importer(815301076,1909f56bfc062723c751e8b465ee728b)
Start importing Assets/Photon/PhotonVoice/Demos/DemoVoicePun/Resources/Hellephant-Local.prefab using Guid(ee7e51a42c13bcb428e1b8728ece9394) Importer(815301076,1909f56bfc062723c751e8b465ee728b)  -> (artifact id: '00fa2b0ad8fe4b4106a57c766892ba24') in 0.396396 seconds
  Import took 0.410209 seconds .

========================================================================
Received Import Request.
  Time since last request: 0.000322 seconds.
  path: Assets/Photon/PhotonVoice/Demos/DemoVoicePun/Stylized city/Materials/22 - Default.mat
  artifactKey: Guid(6d1f2caa14bdaee42a8ff48995cb88e3) Importer(815301076,1909f56bfc062723c751e8b465ee728b)
Start importing Assets/Photon/PhotonVoice/Demos/DemoVoicePun/Stylized city/Materials/22 - Default.mat using Guid(6d1f2caa14bdaee42a8ff48995cb88e3) Importer(815301076,1909f56bfc062723c751e8b465ee728b)  -> (artifact id: 'ea18c9f49c9c6d4e6788f216ccdf71fb') in 0.080130 seconds
  Import took 0.138766 seconds .

========================================================================
Received Import Request.
  Time since last request: 0.001181 seconds.
  path: Assets/Photon/PhotonUnityNetworking/Demos/Shared Assets/Models/Pointer.fbx
  artifactKey: Guid(0baebe6c8f51e754a96dd7d4dee9bb4e) Importer(815301076,1909f56bfc062723c751e8b465ee728b)
Start importing Assets/Photon/PhotonUnityNetworking/Demos/Shared Assets/Models/Pointer.fbx using Guid(0baebe6c8f51e754a96dd7d4dee9bb4e) Importer(815301076,1909f56bfc062723c751e8b465ee728b)  -> (artifact id: 'f11d1b048437e9a705fcb03f2e34506d') in 0.202602 seconds
  Import took 0.236948 seconds .

========================================================================
Received Import Request.
  Time since last request: 0.029592 seconds.
  path: Assets/Photon/PhotonUnityNetworking/Demos/Shared Assets/Animations/HumanoidIdle.fbx
  artifactKey: Guid(dffa50cfe77e0434bbfa71245b3dd529) Importer(815301076,1909f56bfc062723c751e8b465ee728b)
Start importing Assets/Photon/PhotonUnityNetworking/Demos/Shared Assets/Animations/HumanoidIdle.fbx using Guid(dffa50cfe77e0434bbfa71245b3dd529) Importer(815301076,1909f56bfc062723c751e8b465ee728b)  -> (artifact id: '3c4b8eb7b26601b34c48c69826c1b35e') in 0.142111 seconds
  Import took 0.151734 seconds .

========================================================================
Received Import Request.
  Time since last request: 0.000381 seconds.
  path: Assets/Photon/PhotonUnityNetworking/Demos/Shared Assets/Animations/HumanoidRunTurnSharp.fbx
  artifactKey: Guid(f2bed5dc5afacff44a00de8daae9703b) Importer(815301076,1909f56bfc062723c751e8b465ee728b)
Start importing Assets/Photon/PhotonUnityNetworking/Demos/Shared Assets/Animations/HumanoidRunTurnSharp.fbx using Guid(f2bed5dc5afacff44a00de8daae9703b) Importer(815301076,1909f56bfc062723c751e8b465ee728b)  -> (artifact id: '64493fea3347d32cdd5a2084b344bba9') in 0.100902 seconds
  Import took 0.161965 seconds .

========================================================================
Received Import Request.
  Time since last request: 0.000806 seconds.
  path: Assets/Photon/PhotonUnityNetworking/Demos/DemoAsteroids/Resources/BigAsteroid.prefab
  artifactKey: Guid(15f43343ba0a60e47a63d28496373c3f) Importer(815301076,1909f56bfc062723c751e8b465ee728b)
Start importing Assets/Photon/PhotonUnityNetworking/Demos/DemoAsteroids/Resources/BigAsteroid.prefab using Guid(15f43343ba0a60e47a63d28496373c3f) Importer(815301076,1909f56bfc062723c751e8b465ee728b)  -> (artifact id: '114ce22062054fef2ce893695a1c6cdf') in 0.062935 seconds
  Import took 0.082199 seconds .

========================================================================
Received Import Request.
  Time since last request: 0.000940 seconds.
  path: Assets/Photon/PhotonUnityNetworking/Demos/DemoSlotRacer/Kenney Assets/Stylized city/Materials/13 - Default54.mat
  artifactKey: Guid(831e4ea6beda02947bdca5aeb8543156) Importer(815301076,1909f56bfc062723c751e8b465ee728b)
Start importing Assets/Photon/PhotonUnityNetworking/Demos/DemoSlotRacer/Kenney Assets/Stylized city/Materials/13 - Default54.mat using Guid(831e4ea6beda02947bdca5aeb8543156) Importer(815301076,1909f56bfc062723c751e8b465ee728b)  -> (artifact id: '406754f3864d3afd62f0b82492338489') in 0.130051 seconds
  Import took 0.136080 seconds .

========================================================================
Received Import Request.
  Time since last request: 0.000328 seconds.
  path: Assets/Photon/PhotonUnityNetworking/Demos/DemoSlotRacer/Kenney Assets/Stylized city/Materials/13 - Default.mat
  artifactKey: Guid(b957742c5b9bfd441b9b330c8b55d0c5) Importer(815301076,1909f56bfc062723c751e8b465ee728b)
Start importing Assets/Photon/PhotonUnityNetworking/Demos/DemoSlotRacer/Kenney Assets/Stylized city/Materials/13 - Default.mat using Guid(b957742c5b9bfd441b9b330c8b55d0c5) Importer(815301076,1909f56bfc062723c751e8b465ee728b)  -> (artifact id: '0ed1d4ff4a561522b5ea8ff7e9e7814e') in 0.515110 seconds
  Import took 1.239763 seconds .

========================================================================
Received Import Request.
  Time since last request: 0.000107 seconds.
  path: Assets/Mirror/Examples/AdditiveScenes/Materials/Cube.mat
  artifactKey: Guid(1d5f3015968dad04780bf9d2113cc772) Importer(815301076,1909f56bfc062723c751e8b465ee728b)
Start importing Assets/Mirror/Examples/AdditiveScenes/Materials/Cube.mat using Guid(1d5f3015968dad04780bf9d2113cc772) Importer(815301076,1909f56bfc062723c751e8b465ee728b)  -> (artifact id: '0b2e645cc0a98551f5826244a9d7c35f') in 0.202397 seconds
  Import took 0.209867 seconds .

========================================================================
Received Import Request.
  Time since last request: 0.000976 seconds.
  path: Assets/Materials/Materials/blue_grey_wallpaper_2.mat
  artifactKey: Guid(e5f8556bbb15b234e9d3cf655dde406a) Importer(815301076,1909f56bfc062723c751e8b465ee728b)
Start importing Assets/Materials/Materials/blue_grey_wallpaper_2.mat using Guid(e5f8556bbb15b234e9d3cf655dde406a) Importer(815301076,1909f56bfc062723c751e8b465ee728b)  -> (artifact id: '36ba583453ea9a6abef38e7af5c666e4') in 0.199593 seconds
  Import took 0.213278 seconds .

========================================================================
Received Import Request.
  Time since last request: 0.001095 seconds.
  path: Assets/Photon/PhotonVoice/Demos/DemoVoicePun/Stylized city/Materials/ground_green232.mat
  artifactKey: Guid(9a17f7379eb854e409d45285657f5166) Importer(815301076,1909f56bfc062723c751e8b465ee728b)
Start importing Assets/Photon/PhotonVoice/Demos/DemoVoicePun/Stylized city/Materials/ground_green232.mat using Guid(9a17f7379eb854e409d45285657f5166) Importer(815301076,1909f56bfc062723c751e8b465ee728b)  -> (artifact id: '2b87ad2f14329416c14778f80ea3f09c') in 0.035038 seconds
  Import took 0.041265 seconds .

========================================================================
Received Import Request.
  Time since last request: 0.000375 seconds.
  path: Assets/Photon/PhotonUnityNetworking/Demos/DemoAsteroids/Models/FlyerAsteroidB.fbx
  artifactKey: Guid(757fc9771ce30dc468c775b392518d81) Importer(815301076,1909f56bfc062723c751e8b465ee728b)
Start importing Assets/Photon/PhotonUnityNetworking/Demos/DemoAsteroids/Models/FlyerAsteroidB.fbx using Guid(757fc9771ce30dc468c775b392518d81) Importer(815301076,1909f56bfc062723c751e8b465ee728b)  -> (artifact id: '9872a6f3685ef8277e26ab6fa001aa3c') in 0.056971 seconds
  Import took 0.062799 seconds .

========================================================================
Received Import Request.
  Time since last request: 0.000511 seconds.
  path: Assets/Photon/PhotonUnityNetworking/Demos/DemoSlotRacer/Kenney Assets/Stylized city/Models/car_4.FBX
  artifactKey: Guid(f3cb3c8f5cd4b514ebf9fbfda32cb36d) Importer(815301076,1909f56bfc062723c751e8b465ee728b)
Start importing Assets/Photon/PhotonUnityNetworking/Demos/DemoSlotRacer/Kenney Assets/Stylized city/Models/car_4.FBX using Guid(f3cb3c8f5cd4b514ebf9fbfda32cb36d) Importer(815301076,1909f56bfc062723c751e8b465ee728b)  -> (artifact id: '1abe0344424d5632554ba0bc717f31d2') in 0.831953 seconds
  Import took 0.840334 seconds .

========================================================================
Received Import Request.
  Time since last request: 0.000366 seconds.
  path: Assets/Photon/PhotonUnityNetworking/Demos/Shared Assets/Animations/HumanoidMidAir.fbx
  artifactKey: Guid(f03e10c73f30b4ab4aa8ea8f1cc16d36) Importer(815301076,1909f56bfc062723c751e8b465ee728b)
Start importing Assets/Photon/PhotonUnityNetworking/Demos/Shared Assets/Animations/HumanoidMidAir.fbx using Guid(f03e10c73f30b4ab4aa8ea8f1cc16d36) Importer(815301076,1909f56bfc062723c751e8b465ee728b)  -> (artifact id: '686c4b9c3e005eb4fd4183b300c6b85d') in 0.351191 seconds
  Import took 0.358511 seconds .

========================================================================
Received Import Request.
  Time since last request: 0.000339 seconds.
  path: Assets/Photon/PhotonUnityNetworking/Demos/DemoAsteroids/Models/Materials/FlyerAsteroid1.mat
  artifactKey: Guid(294f02eac9561704ebe4baa5b1bc4163) Importer(815301076,1909f56bfc062723c751e8b465ee728b)
Start importing Assets/Photon/PhotonUnityNetworking/Demos/DemoAsteroids/Models/Materials/FlyerAsteroid1.mat using Guid(294f02eac9561704ebe4baa5b1bc4163) Importer(815301076,1909f56bfc062723c751e8b465ee728b)  -> (artifact id: '140b18d9f13070ece9127e6255ea0756') in 0.025728 seconds
  Import took 0.032446 seconds .

========================================================================
Received Import Request.
  Time since last request: 0.000330 seconds.
  path: Assets/Photon/PhotonUnityNetworking/Demos/DemoProcedural/Materials/Black.mat
  artifactKey: Guid(1598ff147655ecb4893e78f88baa9475) Importer(815301076,1909f56bfc062723c751e8b465ee728b)
Start importing Assets/Photon/PhotonUnityNetworking/Demos/DemoProcedural/Materials/Black.mat using Guid(1598ff147655ecb4893e78f88baa9475) Importer(815301076,1909f56bfc062723c751e8b465ee728b)  -> (artifact id: '3376daa0d2fd43f6096fbc868c105718') in 0.118325 seconds
  Import took 0.126963 seconds .

========================================================================
Received Import Request.
  Time since last request: 0.000761 seconds.
  path: Assets/Photon/PhotonVoice/Demos/DemoVoicePun/Resources/Boy-Remote.prefab
  artifactKey: Guid(d62ea5ac8adc4824d87ab6b7a37eda44) Importer(815301076,1909f56bfc062723c751e8b465ee728b)
Start importing Assets/Photon/PhotonVoice/Demos/DemoVoicePun/Resources/Boy-Remote.prefab using Guid(d62ea5ac8adc4824d87ab6b7a37eda44) Importer(815301076,1909f56bfc062723c751e8b465ee728b)  -> (artifact id: 'a1e94b8c4df1ed7a8e7cb760de626b84') in 0.081464 seconds
  Import took 0.093769 seconds .

========================================================================
Received Import Request.
  Time since last request: 0.007070 seconds.
  path: Assets/Photon/PhotonVoice/Demos/DemoVoicePun/Models/Characters/Materials/GunMaterial.mat
  artifactKey: Guid(bca3401811bea4143afe0a03137cda35) Importer(815301076,1909f56bfc062723c751e8b465ee728b)
Start importing Assets/Photon/PhotonVoice/Demos/DemoVoicePun/Models/Characters/Materials/GunMaterial.mat using Guid(bca3401811bea4143afe0a03137cda35) Importer(815301076,1909f56bfc062723c751e8b465ee728b)  -> (artifact id: '0ed539b940e917f910fdb14b275b6ae6') in 0.113786 seconds
  Import took 0.127002 seconds .

========================================================================
Received Import Request.
  Time since last request: 0.000558 seconds.
  path: Assets/Photon/PhotonUnityNetworking/Demos/DemoAsteroids/Prefabs/Bullet.prefab
  artifactKey: Guid(5624ee9da9d10514ea7b808e83979c85) Importer(815301076,1909f56bfc062723c751e8b465ee728b)
Start importing Assets/Photon/PhotonUnityNetworking/Demos/DemoAsteroids/Prefabs/Bullet.prefab using Guid(5624ee9da9d10514ea7b808e83979c85) Importer(815301076,1909f56bfc062723c751e8b465ee728b)  -> (artifact id: '021674d4fcb312b78ee500d1f5e2177a') in 0.049568 seconds
  Import took 0.062154 seconds .

========================================================================
Received Import Request.
  Time since last request: 0.000182 seconds.
  path: Assets/Photon/PhotonUnityNetworking/Demos/DemoSlotRacer/Kenney Assets/Racing Kit/Models/rail.fbx
  artifactKey: Guid(c0c42e3ceebd42943ade3b7414c47afd) Importer(815301076,1909f56bfc062723c751e8b465ee728b)
Start importing Assets/Photon/PhotonUnityNetworking/Demos/DemoSlotRacer/Kenney Assets/Racing Kit/Models/rail.fbx using Guid(c0c42e3ceebd42943ade3b7414c47afd) Importer(815301076,1909f56bfc062723c751e8b465ee728b)  -> (artifact id: '7052fa2d1b3639ea1c1d3e1f39ce9318') in 0.040061 seconds
  Import took 0.046492 seconds .

========================================================================
Received Import Request.
  Time since last request: 0.000626 seconds.
  path: Assets/Photon/PhotonVoice/Demos/DemoVoicePun/Resources/Hellephant-Remote.prefab
  artifactKey: Guid(912c2829d51be264d909b2ec61a5c020) Importer(815301076,1909f56bfc062723c751e8b465ee728b)
Start importing Assets/Photon/PhotonVoice/Demos/DemoVoicePun/Resources/Hellephant-Remote.prefab using Guid(912c2829d51be264d909b2ec61a5c020) Importer(815301076,1909f56bfc062723c751e8b465ee728b)  -> (artifact id: '6e6bc17d89d783edf155d8c1810daf0e') in 0.049033 seconds
  Import took 0.055773 seconds .

========================================================================
Received Import Request.
  Time since last request: 0.000775 seconds.
  path: Assets/Photon/PhotonUnityNetworking/Demos/DemoSlotRacer/Kenney Assets/Racing Kit/Models/roadCornerSmallBorder.fbx
  artifactKey: Guid(f34457aefb5bca94fa9fb35aa61fb3e7) Importer(815301076,1909f56bfc062723c751e8b465ee728b)
Start importing Assets/Photon/PhotonUnityNetworking/Demos/DemoSlotRacer/Kenney Assets/Racing Kit/Models/roadCornerSmallBorder.fbx using Guid(f34457aefb5bca94fa9fb35aa61fb3e7) Importer(815301076,1909f56bfc062723c751e8b465ee728b)  -> (artifact id: 'df090f9be0ae4b07a7fda557d00118bf') in 0.043132 seconds
  Import took 0.049473 seconds .

========================================================================
Received Import Request.
  Time since last request: 0.000344 seconds.
  path: Assets/Photon/PhotonVoice/Demos/DemoVoicePun/Stylized city/Models/bush1.FBX
  artifactKey: Guid(9d33d17195b6dea42bb7023836010e8d) Importer(815301076,1909f56bfc062723c751e8b465ee728b)
Start importing Assets/Photon/PhotonVoice/Demos/DemoVoicePun/Stylized city/Models/bush1.FBX using Guid(9d33d17195b6dea42bb7023836010e8d) Importer(815301076,1909f56bfc062723c751e8b465ee728b)  -> (artifact id: 'a1c27d1bd5653040d94eee5a779c222d') in 0.067370 seconds
  Import took 0.078074 seconds .

========================================================================
Received Import Request.
  Time since last request: 0.001101 seconds.
  path: Assets/Photon/PhotonUnityNetworking/Demos/DemoSlotRacer/Kenney Assets/Stylized city/Models/car_1.FBX
  artifactKey: Guid(1ec55baed88ac07429a52bee4c519015) Importer(815301076,1909f56bfc062723c751e8b465ee728b)
Start importing Assets/Photon/PhotonUnityNetworking/Demos/DemoSlotRacer/Kenney Assets/Stylized city/Models/car_1.FBX using Guid(1ec55baed88ac07429a52bee4c519015) Importer(815301076,1909f56bfc062723c751e8b465ee728b)  -> (artifact id: '154b3dcf499e1e33c1c2e8c7a5cde19b') in 0.311271 seconds
  Import took 0.317612 seconds .

========================================================================
Received Import Request.
  Time since last request: 0.000272 seconds.
  path: Assets/Photon/PhotonUnityNetworking/Demos/DemoAsteroids/Models/Asteroid01.fbx
  artifactKey: Guid(401fae203bae0ee428e401e7f9af9be8) Importer(815301076,1909f56bfc062723c751e8b465ee728b)
Start importing Assets/Photon/PhotonUnityNetworking/Demos/DemoAsteroids/Models/Asteroid01.fbx using Guid(401fae203bae0ee428e401e7f9af9be8) Importer(815301076,1909f56bfc062723c751e8b465ee728b)  -> (artifact id: 'ae5206e3318a2a5d06a03cb2814dfee5') in 0.029382 seconds
  Import took 0.034656 seconds .

========================================================================
Received Import Request.
  Time since last request: 0.000287 seconds.
  path: Assets/Photon/PhotonUnityNetworking/Demos/PunBasics-Tutorial/Resources/My Robot Kyle -done-.prefab
  artifactKey: Guid(fe764102aa5aa431795da15fa2dec0e2) Importer(815301076,1909f56bfc062723c751e8b465ee728b)
Start importing Assets/Photon/PhotonUnityNetworking/Demos/PunBasics-Tutorial/Resources/My Robot Kyle -done-.prefab using Guid(fe764102aa5aa431795da15fa2dec0e2) Importer(815301076,1909f56bfc062723c751e8b465ee728b)  -> (artifact id: '0d0cf0d3f672b24804cb259895fb312b') in 0.100733 seconds
  Import took 0.107657 seconds .

========================================================================
Received Import Request.
  Time since last request: 0.000293 seconds.
  path: Assets/Photon/PhotonVoice/Demos/DemoVoicePun/Stylized city/Models/tree_1.FBX
  artifactKey: Guid(a9b863560a3c5bd488fee66fe7190f36) Importer(815301076,1909f56bfc062723c751e8b465ee728b)
Start importing Assets/Photon/PhotonVoice/Demos/DemoVoicePun/Stylized city/Models/tree_1.FBX using Guid(a9b863560a3c5bd488fee66fe7190f36) Importer(815301076,1909f56bfc062723c751e8b465ee728b)  -> (artifact id: '8e2f992a8851070868ca3dc21f0b3ad2') in 0.099132 seconds
  Import took 0.105394 seconds .

========================================================================
Received Import Request.
  Time since last request: 0.000303 seconds.
  path: Assets/Photon/PhotonVoice/Demos/DemoVoiceUI/RobotoFont/RobotoCondensed-Regular.ttf
  artifactKey: Guid(1c24caf2cf8ad3f4d97b3ed7b7749c28) Importer(815301076,1909f56bfc062723c751e8b465ee728b)
Start importing Assets/Photon/PhotonVoice/Demos/DemoVoiceUI/RobotoFont/RobotoCondensed-Regular.ttf using Guid(1c24caf2cf8ad3f4d97b3ed7b7749c28) Importer(815301076,1909f56bfc062723c751e8b465ee728b)  -> (artifact id: '5368b80ed66d100d9b70686387c22a1f') in 0.044838 seconds
  Import took 0.051403 seconds .

========================================================================
Received Import Request.
  Time since last request: 0.000354 seconds.
  path: Assets/Mirror/Examples/MultipleAdditiveScenes/Models/Icosphere/Icosphere.obj
  artifactKey: Guid(1fe56a0e685b8434ebfeb53c69b59a5e) Importer(815301076,1909f56bfc062723c751e8b465ee728b)
Start importing Assets/Mirror/Examples/MultipleAdditiveScenes/Models/Icosphere/Icosphere.obj using Guid(1fe56a0e685b8434ebfeb53c69b59a5e) Importer(815301076,1909f56bfc062723c751e8b465ee728b)  -> (artifact id: '7f52abd4e3ba73a63769b85c712014a2') in 0.091937 seconds
  Import took 0.100170 seconds .

========================================================================
Received Import Request.
  Time since last request: 0.000349 seconds.
  path: Assets/Photon/PhotonUnityNetworking/Demos/DemoSlotRacer/Kenney Assets/Stylized city/Models/hamvee.FBX
  artifactKey: Guid(7b912c5dfa554a04296ecbf246180058) Importer(815301076,1909f56bfc062723c751e8b465ee728b)
Start importing Assets/Photon/PhotonUnityNetworking/Demos/DemoSlotRacer/Kenney Assets/Stylized city/Models/hamvee.FBX using Guid(7b912c5dfa554a04296ecbf246180058) Importer(815301076,1909f56bfc062723c751e8b465ee728b)  -> (artifact id: '4280c76109be0777d0f42f99a0fb2bd3') in 0.200185 seconds
  Import took 0.209027 seconds .

========================================================================
Received Import Request.
  Time since last request: 0.000770 seconds.
  path: Assets/Photon/PhotonUnityNetworking/Demos/DemoAsteroids/Materials/FlyerPlayership.mat
  artifactKey: Guid(99fced4bc2985174cac8512dc765d2bc) Importer(815301076,1909f56bfc062723c751e8b465ee728b)
Start importing Assets/Photon/PhotonUnityNetworking/Demos/DemoAsteroids/Materials/FlyerPlayership.mat using Guid(99fced4bc2985174cac8512dc765d2bc) Importer(815301076,1909f56bfc062723c751e8b465ee728b)  -> (artifact id: 'c8ba3e2cf5076d5be6510f039f0a552b') in 0.030632 seconds
  Import took 0.037286 seconds .

========================================================================
Received Import Request.
  Time since last request: 0.000438 seconds.
  path: Assets/Photon/PhotonVoice/Demos/DemoVoicePun/Models/Characters/Hellephant.fbx
  artifactKey: Guid(b77f122f451a2394898a24191c26107c) Importer(815301076,1909f56bfc062723c751e8b465ee728b)
Start importing Assets/Photon/PhotonVoice/Demos/DemoVoicePun/Models/Characters/Hellephant.fbx using Guid(b77f122f451a2394898a24191c26107c) Importer(815301076,1909f56bfc062723c751e8b465ee728b)  -> (artifact id: '4b46533d7a5aca4d61d7275bbc9f5b41') in 0.054435 seconds
  Import took 0.061763 seconds .

========================================================================
Received Import Request.
  Time since last request: 0.000338 seconds.
  path: Assets/Photon/PhotonUnityNetworking/Demos/DemoSlotRacer/Kenney Assets/Racing Kit/Models/Materials/_defaultMat.mat
  artifactKey: Guid(f0a6a86e908f6204ab518387a784ed36) Importer(815301076,1909f56bfc062723c751e8b465ee728b)
Start importing Assets/Photon/PhotonUnityNetworking/Demos/DemoSlotRacer/Kenney Assets/Racing Kit/Models/Materials/_defaultMat.mat using Guid(f0a6a86e908f6204ab518387a784ed36) Importer(815301076,1909f56bfc062723c751e8b465ee728b)  -> (artifact id: 'f8405a1cd37c756c0384426385b6184f') in 0.024556 seconds
  Import took 0.030716 seconds .

========================================================================
Received Import Request.
  Time since last request: 0.000834 seconds.
  path: Assets/Photon/PhotonUnityNetworking/Demos/Shared Assets/Animations/HumanoidRunTurn.fbx
  artifactKey: Guid(1062212255550964e974f3ffb3cbaae3) Importer(815301076,1909f56bfc062723c751e8b465ee728b)
Start importing Assets/Photon/PhotonUnityNetworking/Demos/Shared Assets/Animations/HumanoidRunTurn.fbx using Guid(1062212255550964e974f3ffb3cbaae3) Importer(815301076,1909f56bfc062723c751e8b465ee728b)  -> (artifact id: '7399edc7d2fd35db1bc524ea39ffb6bc') in 0.041363 seconds
  Import took 0.048703 seconds .

========================================================================
Received Import Request.
  Time since last request: 0.000492 seconds.
  path: Assets/Photon/PhotonUnityNetworking/Demos/Shared Assets/Models/Robot Kyle.fbx
  artifactKey: Guid(320b1c2af77554f99a1658df4a6d3d5c) Importer(815301076,1909f56bfc062723c751e8b465ee728b)
Start importing Assets/Photon/PhotonUnityNetworking/Demos/Shared Assets/Models/Robot Kyle.fbx using Guid(320b1c2af77554f99a1658df4a6d3d5c) Importer(815301076,1909f56bfc062723c751e8b465ee728b)  -> (artifact id: '0cdf8e0fb93663a7e776159b61b6f5f8') in 0.063368 seconds
  Import took 0.071648 seconds .

========================================================================
Received Import Request.
  Time since last request: 0.000776 seconds.
  path: Assets/Photon/PhotonUnityNetworking/Demos/DemoSlotRacer/Kenney Assets/Stylized city/Models/tree_6.FBX
  artifactKey: Guid(45e438e80c2860545b63beb8d6718edd) Importer(815301076,1909f56bfc062723c751e8b465ee728b)
Start importing Assets/Photon/PhotonUnityNetworking/Demos/DemoSlotRacer/Kenney Assets/Stylized city/Models/tree_6.FBX using Guid(45e438e80c2860545b63beb8d6718edd) Importer(815301076,1909f56bfc062723c751e8b465ee728b)  -> (artifact id: '7ff16ff1496a6f6f2a83d19dad4ee6fb') in 0.146998 seconds
  Import took 0.155596 seconds .

========================================================================
Received Import Request.
  Time since last request: 0.000338 seconds.
  path: Assets/Photon/PhotonUnityNetworking/Demos/DemoSlotRacer/Kenney Assets/Stylized city/Materials/13 - Default22662.mat
  artifactKey: Guid(7d91274cc4a876a439f75445704f421b) Importer(815301076,1909f56bfc062723c751e8b465ee728b)
Start importing Assets/Photon/PhotonUnityNetworking/Demos/DemoSlotRacer/Kenney Assets/Stylized city/Materials/13 - Default22662.mat using Guid(7d91274cc4a876a439f75445704f421b) Importer(815301076,1909f56bfc062723c751e8b465ee728b)  -> (artifact id: '4a51dc4486662650709d00c418fed0bc') in 0.025781 seconds
  Import took 0.033580 seconds .

========================================================================
Received Import Request.
  Time since last request: 0.000303 seconds.
  path: Assets/Photon/PhotonUnityNetworking/Demos/DemoSlotRacer/Kenney Assets/Racing Kit/Models/roadStartPositions.fbx
  artifactKey: Guid(f5a5b74b30add9048911cae29679bbce) Importer(815301076,1909f56bfc062723c751e8b465ee728b)
Start importing Assets/Photon/PhotonUnityNetworking/Demos/DemoSlotRacer/Kenney Assets/Racing Kit/Models/roadStartPositions.fbx using Guid(f5a5b74b30add9048911cae29679bbce) Importer(815301076,1909f56bfc062723c751e8b465ee728b)  -> (artifact id: '4982fd924c5cc188a438a32e493e4396') in 0.032982 seconds
  Import took 0.039853 seconds .

========================================================================
Received Import Request.
  Time since last request: 0.000414 seconds.
  path: Assets/Photon/PhotonVoice/Demos/DemoVoicePun/Stylized city/Models/tree_6.FBX
  artifactKey: Guid(1369ef9ec9ae7ea4e95df4856ce03ebc) Importer(815301076,1909f56bfc062723c751e8b465ee728b)
Start importing Assets/Photon/PhotonVoice/Demos/DemoVoicePun/Stylized city/Models/tree_6.FBX using Guid(1369ef9ec9ae7ea4e95df4856ce03ebc) Importer(815301076,1909f56bfc062723c751e8b465ee728b)  -> (artifact id: 'a3ec92fa1f02e110d48063a220eb7403') in 0.127663 seconds
  Import took 0.135572 seconds .

========================================================================
Received Import Request.
  Time since last request: 0.000314 seconds.
  path: Assets/Photon/PhotonUnityNetworking/Demos/DemoSlotRacer/Kenney Assets/Racing Kit/Models/roadCornerSmall.fbx
  artifactKey: Guid(d873a0d61ff3aa941be0eb85cb9271ef) Importer(815301076,1909f56bfc062723c751e8b465ee728b)
Start importing Assets/Photon/PhotonUnityNetworking/Demos/DemoSlotRacer/Kenney Assets/Racing Kit/Models/roadCornerSmall.fbx using Guid(d873a0d61ff3aa941be0eb85cb9271ef) Importer(815301076,1909f56bfc062723c751e8b465ee728b)  -> (artifact id: '32d50c5a66eb9d5dec85878a78295890') in 0.027496 seconds
  Import took 0.034023 seconds .

========================================================================
Received Import Request.
  Time since last request: 0.000638 seconds.
  path: Assets/Photon/PhotonUnityNetworking/Demos/PunCockpit/Prefabs/Help Button.prefab
  artifactKey: Guid(cf998ac0cf60141c597aecb3a8ffad74) Importer(815301076,1909f56bfc062723c751e8b465ee728b)
Start importing Assets/Photon/PhotonUnityNetworking/Demos/PunCockpit/Prefabs/Help Button.prefab using Guid(cf998ac0cf60141c597aecb3a8ffad74) Importer(815301076,1909f56bfc062723c751e8b465ee728b)  -> (artifact id: '8cfa198548bbe2449f8e19b263481daf') in 0.010638 seconds
  Import took 0.015697 seconds .

========================================================================
Received Import Request.
  Time since last request: 0.000314 seconds.
  path: Assets/Photon/PhotonRealtime/Demos/DemoLoadBalancing/Jura-Medium-LB.ttf
  artifactKey: Guid(4a4df204c321f9c40b0dbfb1baaffb4c) Importer(815301076,1909f56bfc062723c751e8b465ee728b)
Start importing Assets/Photon/PhotonRealtime/Demos/DemoLoadBalancing/Jura-Medium-LB.ttf using Guid(4a4df204c321f9c40b0dbfb1baaffb4c) Importer(815301076,1909f56bfc062723c751e8b465ee728b)  -> (artifact id: '1c4d3a8290902be64574fb4a8bc542b5') in 0.026567 seconds
  Import took 0.032632 seconds .

========================================================================
Received Import Request.
  Time since last request: 0.000324 seconds.
  path: Assets/Photon/PhotonUnityNetworking/Demos/DemoSlotRacer/Kenney Assets/Racing Kit/Models/Materials/bark.mat
  artifactKey: Guid(5b3826dd21e1d2b4a947c774023d1db3) Importer(815301076,1909f56bfc062723c751e8b465ee728b)
Start importing Assets/Photon/PhotonUnityNetworking/Demos/DemoSlotRacer/Kenney Assets/Racing Kit/Models/Materials/bark.mat using Guid(5b3826dd21e1d2b4a947c774023d1db3) Importer(815301076,1909f56bfc062723c751e8b465ee728b)  -> (artifact id: 'f7868fab52e517ef615f814b6ee8d5fe') in 0.024119 seconds
  Import took 0.032053 seconds .

========================================================================
Received Import Request.
  Time since last request: 0.000097 seconds.
  path: Assets/Mirror/Examples/RigidbodyPhysics/Materials/Blue.mat
  artifactKey: Guid(84335f003ad8f42408d13787e76d4f94) Importer(815301076,1909f56bfc062723c751e8b465ee728b)
Start importing Assets/Mirror/Examples/RigidbodyPhysics/Materials/Blue.mat using Guid(84335f003ad8f42408d13787e76d4f94) Importer(815301076,1909f56bfc062723c751e8b465ee728b)  -> (artifact id: '27c409ef11f981ac405de903a3904e55') in 0.033050 seconds
  Import took 0.041044 seconds .

========================================================================
Received Import Request.
  Time since last request: 0.000322 seconds.
  path: Assets/Photon/PhotonUnityNetworking/Demos/Shared Assets/Skin/Jura-Medium.ttf
  artifactKey: Guid(e00995507c2406448b4c8429136104dd) Importer(815301076,1909f56bfc062723c751e8b465ee728b)
Start importing Assets/Photon/PhotonUnityNetworking/Demos/Shared Assets/Skin/Jura-Medium.ttf using Guid(e00995507c2406448b4c8429136104dd) Importer(815301076,1909f56bfc062723c751e8b465ee728b)  -> (artifact id: '221a1cdb0556394b2124e9e862a9ec98') in 0.035154 seconds
  Import took 0.039836 seconds .

========================================================================
Received Import Request.
  Time since last request: 0.000343 seconds.
  path: Assets/Photon/PhotonUnityNetworking/Demos/DemoSlotRacer/Kenney Assets/Stylized city/Materials/car.mat
  artifactKey: Guid(c282d31bf082fca4a822239b62ff8257) Importer(815301076,1909f56bfc062723c751e8b465ee728b)
Start importing Assets/Photon/PhotonUnityNetworking/Demos/DemoSlotRacer/Kenney Assets/Stylized city/Materials/car.mat using Guid(c282d31bf082fca4a822239b62ff8257) Importer(815301076,1909f56bfc062723c751e8b465ee728b)  -> (artifact id: 'c1573f85ce3c38485b4e7e1d2b7c4733') in 0.019974 seconds
  Import took 0.024969 seconds .

========================================================================
Received Prepare
Registering precompiled user dll's ...
Registered in 0.029653 seconds.
Begin MonoManager ReloadAssembly
Native extension for WindowsStandalone target not found
Refreshing native plugins compatible for Editor in 0.93 ms, found 6 plugins.
Preloading 0 native plugins for Editor in 0.00 ms.
Mono: successfully reloaded assembly
- Completed reload, in  1.688 seconds
Platform modules already initialized, skipping
Refreshing native plugins compatible for Editor in 1.51 ms, found 6 plugins.
Preloading 0 native plugins for Editor in 0.00 ms.
Unloading 1781 Unused Serialized files (Serialized files now loaded: 0)
System memory in use before: 99.2 MB.
System memory in use after: 99.3 MB.

Unloading 66 unused Assets to reduce memory usage. Loaded Objects now: 2279.
Total: 3.769100 ms (FindLiveObjects: 0.525300 ms CreateObjectMapping: 0.206900 ms MarkObjects: 2.958200 ms  DeleteObjects: 0.076400 ms)

========================================================================
Received Import Request.
  Time since last request: 20.668672 seconds.
  path: Assets/Scripts/GameManager.cs
  artifactKey: Guid(566bb6cc8ad142a41a0e6b147c6a9aae) Importer(815301076,1909f56bfc062723c751e8b465ee728b)
Start importing Assets/Scripts/GameManager.cs using Guid(566bb6cc8ad142a41a0e6b147c6a9aae) Importer(815301076,1909f56bfc062723c751e8b465ee728b)  -> (artifact id: '936e201fb8f0c22fff392991e90adeb3') in 0.010500 seconds
  Import took 0.017572 seconds .

